1399
luxembourg_osm.png
ncvxbqp1.png
gupta2.png
atmosmodd.png
ca-CondMat.png
airfoil_2d.png
c-58.png
c-48.png
nemeth11.png
cavity10.png
nemeth19.png
man_5976.png
orsreg_1.png
TSOPF_RS_b678_c2.png
asia_osm.png
rajat15.png
human_gene1.png
graham1.png
M80PI_n.png
Dubcova3.png
boyd1.png
dw4096.png
ramage02.png
Ill_Stokes.png
raefsky2.png
msc10848.png
bcsstk27.png
co2010.png
freeFlyingRobot_13.png
adder_dcop_43.png
tn2010.png
bayer04.png
ex22.png
mhd3200b.png
af23560.png
bcsstk31.png
road_usa.png
ford1.png
epb2.png
pdb1HYS.png
sts4098.png
G46.png
nj2010.png
bcsstk25.png
coAuthorsDBLP.png
gupta1.png
Zhao2.png
cavity07.png
c-44.png
pkustk11.png
bcsstk38.png
g7jac080.png
or2010.png
plbuckle.png
amazon0302.png
bfly.png
mult_dcop_02.png
de2010.png
Geo_1438.png
ct20stif.png
G66.png
mimo46x46_system.png
adder_dcop_24.png
bmw3_2.png
hood.png
g7jac060sc.png
t2dal_bci.png
t3dh_a.png
belgium_osm.png
598a.png
a0nsdsil.png
cavity26.png
airfoil1.png
nemeth12.png
mario001.png
lowThrust_12.png
rajat21.png
SiNa.png
c-53.png
juba40k.png
lowThrust_2.png
pkustk06.png
rajat22.png
vt2010.png
HTC_336_4438.png
adder_dcop_17.png
wikipedia-20051105.png
mult_dcop_03.png
ne2010.png
blockqp1.png
pkustk14.png
bcsstm37.png
bcsstk13.png
adder_dcop_34.png
delaunay_n20.png
spmsrtls.png
para-5.png
coupled.png
shipsec1.png
mi2010.png
fd12.png
matrix-new_3.png
adder_dcop_04.png
d_pretok.png
x104.png
aug3dcqp.png
bcsstk30.png
dtoc.png
g7jac010.png
sd2010.png
3elt.png
lhr34c.png
data.png
bcsstk16.png
grid2.png
rgg_n_2_16_s0.png
rajat13.png
nemeth03.png
vsp_barth5_1Ksep_50in_5Kout.png
California.png
vsp_finan512_scagr7-2c_rlfddd.png
cbuckle.png
lhr11c.png
mcfe.png
g7jac120.png
rgg_n_2_15_s0.png
inlet.png
vsp_p0291_seymourl_iiasa.png
Wordnet3.png
consph.png
bcsstk11.png
ww_vref_6405.png
bcsstm36.png
mo2010.png
net50.png
bips98_1450.png
net75.png
kkt_power.png
spaceShuttleEntry_2.png
G41.png
wiki-Talk.png
lowThrust_8.png
cavity08.png
TSC_OPF_300.png
lhr34.png
kineticBatchReactor_2.png
bcsstm39.png
great-britain_osm.png
az2010.png
lshp3466.png
fxm4_6.png
soc-Slashdot0902.png
cavity21.png
crack_dual.png
Oregon-2.png
G3.png
kineticBatchReactor_7.png
minsurfo.png
mt2010.png
usroads.png
c-31.png
af_shell9.png
Hamrle2.png
transient.png
bmwcra_1.png
c-64b.png
adder_dcop_59.png
chipcool1.png
ML_Laplace.png
wikipedia-20060925.png
lhr02.png
amazon0505.png
spaceStation_10.png
venkat50.png
EX4.png
psmigr_3.png
rdb5000.png
c-69.png
g7jac020.png
rdb3200l.png
hugetrace-00020.png
nemeth26.png
c-70.png
nc2010.png
dwt_992.png
para-9.png
c-73b.png
c-47.png
SiO.png
L-9.png
adder_dcop_56.png
poli4.png
EAT_SR.png
bips07_1693.png
heart3.png
cegb2802.png
troll.png
FEM_3D_thermal2.png
kron_g500-logn17.png
mhd3200a.png
BenElechi1.png
nasa1824.png
ar2010.png
pesa.png
G9.png
bips98_1142.png
nemeth02.png
aug2d.png
boneS01.png
G4.png
dielFilterV2real.png
freeFlyingRobot_8.png
bcsstm35.png
auto.png
Raj1.png
bcsstm34.png
rdist2.png
meg4.png
rbsa480.png
lp1.png
Hook_1498.png
lnsp3937.png
web-Google.png
bayer03.png
nv2010.png
lhr04c.png
cegb3306.png
Chebyshev3.png
init_adder1.png
jan99jac060.png
mark3jac100sc.png
TSOPF_FS_b300.png
bayer02.png
jan99jac020.png
ca-GrQc.png
pkustk09.png
Stanford.png
rajat28.png
G45.png
ccc.png
nasa4704.png
ex3sta1.png
psmigr_2.png
lpl1.png
c-59.png
se.png
nemeth18.png
rajat07.png
adder_dcop_36.png
xingo3012.png
G47.png
apache2.png
rajat16.png
rdb2048_noL.png
bauru5727.png
Zd_Jac2_db.png
ca-HepTh.png
adder_dcop_49.png
p2p-Gnutella24.png
circuit_4.png
c-33.png
af_shell3.png
jan99jac060sc.png
ri2010.png
cavity14.png
goodwin.png
mark3jac100.png
aug2dc.png
G57.png
mbeacxc.png
circuit_3.png
reorientation_2.png
G61.png
barrier2-9.png
nd3k.png
raefsky3.png
G52.png
ship_001.png
md2010.png
pkustk08.png
std1_Jac3.png
spaceStation_14.png
G26.png
ex20.png
adder_dcop_40.png
cage15.png
bcsstk39.png
Trefethen_20000b.png
Dubcova1.png
cage13.png
gas_sensor.png
adder_dcop_20.png
hi2010.png
chem_master1.png
c-21.png
nemeth22.png
adder_dcop_11.png
Stanford_Berkeley.png
turon_m.png
Linux_call_graph.png
SiO2.png
mark3jac120sc.png
sit100.png
dynamicSoaringProblem_7.png
t2dal_a.png
TSOPF_RS_b39_c19.png
bcsstm12.png
eris1176.png
spaceStation_11.png
nemeth09.png
CurlCurl_2.png
fe_rotor.png
pf2177.png
lhr11.png
t3dh_e.png
TSOPF_RS_b162_c1.png
c-22.png
ncvxqp3.png
mip1.png
delaunay_n16.png
delaunay_n22.png
Erdos02.png
bloweybq.png
ex4.png
lung2.png
msc00726.png
ex3.png
para-4.png
venturiLevel3.png
ibm_matrix_2.png
denormal.png
adder_dcop_30.png
G54.png
amazon0601.png
cz10228.png
Janna.png
bcsstk12.png
ex8.png
vsp_south31_slptsk.png
venkat25.png
packing-500x100x100-b050.png
circuit5M_dc.png
g7jac020sc.png
cit-Patents.png
trdheim.png
foldoc.png
freeFlyingRobot_5.png
G2.png
nh2010.png
bcsstk10.png
dw1024.png
bayer10.png
H2O.png
t2dah_e.png
av41092.png
bcsstk08.png
lhr04.png
CurlCurl_0.png
bcsstk33.png
mimo28x28_system.png
Trefethen_700.png
thread.png
ms2010.png
dwt_1242.png
helm2d03.png
coater2.png
cz5108.png
mark3jac080.png
wave.png
pa2010.png
xenon1.png
rajat18.png
G5.png
k3plates.png
reorientation_4.png
g7jac200.png
Lederberg.png
whitaker3.png
rajat06.png
adder_dcop_09.png
tuma2.png
rim.png
c-32.png
nd12k.png
shermanACd.png
dielFilterV3real.png
dynamicSoaringProblem_3.png
cnr-2000.png
mark3jac020.png
ship_003.png
nasa2910.png
copter1.png
fl2010.png
poisson3Da.png
G55.png
bips07_2476.png
la2010.png
gsm_106857.png
case39.png
para-10.png
ODLIS.png
G2_circuit.png
bcsstk23.png
s4dkt3m2.png
G62.png
stokes128.png
ckt11752_tr_0.png
adder_dcop_61.png
Erdos992.png
wing_nodal.png
hugetric-00010.png
appu.png
audikw_1.png
cond-mat-2005.png
kineticBatchReactor_4.png
m_t1.png
bone010.png
biplane-9.png
jan99jac100sc.png
adder_dcop_38.png
s3rmt3m1.png
Trefethen_20000.png
FA.png
pct20stif.png
ex15.png
ky2010.png
darcy003.png
af_shell7.png
stokes64.png
pds10.png
G64.png
cage10.png
bcsstk29.png
wi2010.png
delaunay_n17.png
rajat31.png
stokes64s.png
jan99jac020sc.png
lns_3937.png
lshp1561.png
memplus.png
mark3jac080sc.png
skirt.png
crack.png
offshore.png
nemeth07.png
c-27.png
sparsine.png
G10.png
mac_econ_fwd500.png
viscoplastic2.png
nemeth05.png
pkustk01.png
G29.png
net100.png
hvdc1.png
freeFlyingRobot_16.png
ex13.png
ASIC_320k.png
ins2.png
lhr07c.png
uk.png
oh2010.png
Zd_Jac6.png
shyy41.png
cage8.png
g3rmt3m3.png
mark3jac040sc.png
G8.png
gyro_m.png
mhd4800b.png
cont-201.png
ok2010.png
as-caida.png
wv2010.png
barrier2-3.png
fe_body.png
EX6.png
adder_dcop_15.png
CurlCurl_4.png
USpowerGrid.png
Journals.png
rajat20.png
s2rmq4m1.png
adder_dcop_69.png
c-55.png
dc1.png
ny2010.png
ex31.png
lhr07.png
mhd4800a.png
cavity23.png
ckt11752_dc_1.png
kineticBatchReactor_5.png
c-40.png
tandem_vtx.png
adder_dcop_47.png
G31.png
c-68.png
crystm01.png
3D_28984_Tetra.png
comsol.png
spaceStation_5.png
pattern1.png
fd18.png
adder_dcop_55.png
nlpkkt80.png
thermal2.png
ex23.png
G65.png
c-20.png
spaceStation_9.png
adder_dcop_32.png
pkustk13.png
grid2_dual.png
adder_dcop_39.png
extr1b.png
c-60.png
NotreDame_www.png
G35.png
af_shell2.png
Si5H12.png
dynamicSoaringProblem_4.png
sstmodel.png
cryg10000.png
geom.png
af_1_k101.png
hydr1c.png
adder_dcop_51.png
circuit_1.png
va2010.png
adder_dcop_12.png
trans4.png
jnlbrng1.png
barth4.png
ex19.png
adder_dcop_01.png
nmos3.png
bcsstm13.png
Cube_Coup_dt0.png
nemeth14.png
nemeth17.png
gyro_k.png
trans5.png
patents.png
p2p-Gnutella31.png
nm2010.png
af_shell5.png
memchip.png
coAuthorsCiteseer.png
nd6k.png
rgg_n_2_20_s0.png
wikipedia-20070206.png
std1_Jac2_db.png
rw5151.png
twotone.png
ted_B.png
af_shell6.png
3D_51448_3D.png
m14b.png
ASIC_100k.png
Ga10As10H30.png
ted_B_unscaled.png
reorientation_7.png
vsp_c-30_data_data.png
TSOPF_RS_b678_c1.png
c-28.png
shipsec5.png
adder_dcop_68.png
Pres_Poisson.png
bcsstm38.png
adder_dcop_31.png
lhr71c.png
Si10H16.png
epb3.png
G30.png
ex37.png
mark3jac060.png
me2010.png
p2p-Gnutella05.png
poisson3Db.png
hangGlider_2.png
jan99jac120.png
c-43.png
cegb2919.png
raefsky5.png
c-42.png
spaceStation_13.png
tandem_dual.png
lshp1882.png
inline_1.png
rma10.png
adder_dcop_02.png
jan99jac040.png
RM07R.png
lshp2614.png
al2010.png
c-73.png
adder_dcop_03.png
ex35.png
sinc18.png
as-22july06.png
ted_A.png
mult_dcop_01.png
olafu.png
bcsstm10.png
lhr17c.png
adder_dcop_42.png
bratu3d.png
gearbox.png
bcsstk14.png
cryg2500.png
ia2010.png
SciMet.png
p2p-Gnutella25.png
big.png
watt_2.png
adder_dcop_45.png
c-72.png
stomach.png
k1_san.png
GaAsH6.png
cont-300.png
OPF_3754.png
soc-Slashdot0811.png
TSOPF_FS_b300_c3.png
wb-edu.png
bcsstk09.png
flickr.png
coater1.png
delaunay_n21.png
g7jac120sc.png
G67.png
gyro.png
linverse.png
c-63.png
debr.png
G7.png
bbmat.png
barrier2-12.png
lowThrust_11.png
descriptor_xingo6u.png
ncvxqp9.png
wiki-Vote.png
CurlCurl_3.png
jan99jac040sc.png
cavity12.png
Ga3As3H12.png
gridgena.png
wathen120.png
radfr1.png
lhr10c.png
rajat26.png
ex25.png
garon2.png
rbsb480.png
atmosmodm.png
soc-Epinions1.png
cell1.png
ex14.png
epb1.png
ex12.png
kineticBatchReactor_9.png
coPapersDBLP.png
G22.png
nemeth06.png
adder_dcop_60.png
bayer09.png
g7jac180sc.png
kron_g500-logn18.png
qa8fm.png
spaceShuttleEntry_3.png
parabolic_fem.png
crankseg_1.png
rgg_n_2_22_s0.png
crankseg_2.png
FEM_3D_thermal1.png
nemeth24.png
c-39.png
fxm3_6.png
G23.png
ex11.png
thermomech_TC.png
adder_dcop_08.png
c-71.png
LFAT5000.png
adder_dcop_58.png
cavity13.png
cavity05.png
cavity06.png
adder_trans_01.png
nemeth13.png
cop20k_A.png
torsion1.png
ASIC_320ks.png
cavity22.png
kron_g500-logn20.png
freeFlyingRobot_12.png
crashbasis.png
c-57.png
mark3jac040.png
af_shell10.png
sherman3.png
PGPgiantcompo.png
c-23.png
p2p-Gnutella30.png
ca2010.png
adder_dcop_57.png
meg1.png
para-7.png
qpband.png
adder_dcop_52.png
halfb.png
g7jac160.png
crystk01.png
reorientation_3.png
struct3.png
c-51.png
cit-HepPh.png
c-66.png
psmigr_1.png
vsp_mod2_pgp2_slptsk.png
spaceStation_8.png
vsp_vibrobox_scagr7-2c_rlfddd.png
bcsstk26.png
bips07_3078.png
sinc12.png
af_0_k101.png
mimo8x8_system.png
tuma1.png
p2p-Gnutella08.png
DK01R.png
fe_ocean.png
Si34H36.png
pkustk04.png
lowThrust_7.png
p2p-Gnutella09.png
netherlands_osm.png
coPapersCiteseer.png
nemeth25.png
ca-AstroPh.png
hydr1.png
TSOPF_FS_b9_c6.png
watt_1.png
preferentialAttachment.png
af_2_k101.png
3dtube.png
poli3.png
adder_dcop_25.png
utm1700b.png
c-38.png
wikipedia-20061104.png
vanbody.png
bodyy5.png
SiH4.png
Flan_1565.png
freeFlyingRobot_10.png
olesnik0.png
msc23052.png
fd15.png
heart1.png
web-Stanford.png
ex10.png
hangGlider_3.png
dc3.png
pkustk02.png
2D_27628_bjtcai.png
adder_dcop_67.png
G39.png
ex18.png
nemeth15.png
bcsstk24.png
torso3.png
bayer01.png
TSOPF_RS_b2383_c1.png
cond-mat-2003.png
dynamicSoaringProblem_5.png
adaptive.png
TSC_OPF_1047.png
shock-9.png
cavity15.png
boyd2.png
Chebyshev2.png
citationCiteseer.png
p2p-Gnutella04.png
fe_4elt2.png
Oregon-1.png
TSOPF_FS_b300_c2.png
Andrews.png
email.png
freeFlyingRobot_9.png
g7jac010sc.png
adder_dcop_16.png
exdata_1.png
adder_dcop_21.png
cavity09.png
spaceStation_7.png
spaceShuttleEntry_4.png
s1rmt3m1.png
ma2010.png
adder_dcop_22.png
as-735.png
t2d_q4.png
nd24k.png
std1_Jac2.png
ex2.png
t2em.png
c-56.png
roadNet-CA.png
t2dah.png
cti.png
ex28.png
nasa2146.png
rajat12.png
dwt_2680.png
soc-sign-Slashdot090216.png
poli_large.png
cavity25.png
HEP-th.png
c-61.png
Erdos972.png
barth.png
ohne2.png
dynamicSoaringProblem_6.png
vsp_befref_fxm_2_4_air02.png
adder_dcop_53.png
circuit5M.png
dictionary28.png
adder_trans_02.png
cond-mat.png
delaunay_n24.png
NACA0015.png
Freescale2.png
t3dl_a.png
aug3d.png
hugetric-00000.png
adder_dcop_29.png
nopoly.png
tx2010.png
freeFlyingRobot_4.png
TSOPF_FS_b39_c30.png
TSOPF_RS_b300_c1.png
dblp-2010.png
hugebubbles-00000.png
crystm02.png
adder_dcop_33.png
barrier2-10.png
delaunay_n11.png
amazon-2008.png
crystm03.png
piston.png
rajat24.png
TSOPF_RS_b2383.png
144.png
astro-ph.png
OPF_10000.png
freeFlyingRobot_11.png
Zd_Jac2.png
ASIC_680k.png
cavity11.png
roadNet-PA.png
OPF_6000.png
cca.png
crystk02.png
reorientation_6.png
shuttle_eddy.png
adder_dcop_06.png
zeros_nopss_13k.png
adder_dcop_23.png
G1.png
2D_54019_highK.png
G27.png
ex24.png
delaunay_n14.png
ex10hs.png
F1.png
freeFlyingRobot_7.png
s3rmt3m3.png
delaunay_n19.png
apache1.png
FullChip.png
msdoor.png
finan512.png
kron_g500-logn21.png
c-62.png
Si41Ge41H72.png
Dubcova2.png
vibrobox.png
rail_5177.png
lshp2233.png
G63.png
hugebubbles-00020.png
c-52.png
TSOPF_FS_b300_c1.png
c-62ghs.png
Zd_Jac3_db.png
nemeth20.png
rotor2.png
lowThrust_6.png
TSOPF_FS_b9_c1.png
ASIC_100ks.png
freeFlyingRobot_14.png
G51.png
msc04515.png
rgg_n_2_23_s0.png
TSOPF_FS_b162_c4.png
G36.png
onetone2.png
Kohonen.png
nemeth04.png
dw2048.png
ncvxqp5.png
dynamicSoaringProblem_8.png
patents_main.png
rail_79841.png
rajat23.png
jan99jac080.png
S80PI_n.png
cage12.png
kineticBatchReactor_1.png
spaceStation_12.png
bcsstk37.png
copter2.png
EAT_RS.png
TSOPF_FS_b162_c3.png
s3dkq4m2.png
c-65.png
Emilia_923.png
c-19.png
lowThrust_9.png
chipcool0.png
thermal1.png
mn2010.png
rdist1.png
t2dah_a.png
cavity16.png
TSOPF_RS_b2052_c1.png
barth5.png
adder_dcop_48.png
Freescale1.png
mbeause.png
tube1.png
adder_dcop_07.png
bcsstk15.png
Long_Coup_dt0.png
adder_dcop_46.png
G42.png
Zd_Jac6_db.png
barrier2-11.png
Na5.png
LF10000.png
G40.png
lshp3025.png
adder_dcop_54.png
Chebyshev4.png
CurlCurl_1.png
af_3_k101.png
majorbasis.png
hangGlider_5.png
c-49.png
europe_osm.png
bayer05.png
bayer06.png
water_tank.png
bips98_606.png
amazon0312.png
ex6.png
Zewail.png
rajat27.png
nemeth21.png
utm5940.png
nd2010.png
rdb2048.png
TSOPF_RS_b39_c7.png
blckhole.png
nemeth08.png
barrier2-2.png
net25.png
g7jac180.png
rgg_n_2_17_s0.png
s2rmt3m1.png
shermanACb.png
sme3Da.png
rajat02.png
std1_Jac3_db.png
onetone1.png
Trefethen_2000.png
add32.png
shyy161.png
pcrystk03.png
lock1074.png
G24.png
laminar_duct3D.png
mbeaflw.png
delaunay_n23.png
sherman2.png
Erdos982.png
mark3jac120.png
g7jac080sc.png
cit-HepTh.png
garon1.png
p2p-Gnutella06.png
cs4.png
c-18.png
ex40.png
333SP.png
vsp_data_and_seymourl.png
c-50.png
bmw7st_1.png
bcsstk21.png
ex7.png
reorientation_8.png
vsp_bump2_e18_aa01_model1_crew1.png
jan99jac080sc.png
ex21.png
extr1.png
g7jac060.png
atmosmodj.png
mark3jac140.png
italy_osm.png
thermomech_TK.png
bips07_1998.png
human_gene2.png
hugebubbles-00010.png
c-29.png
bcsstk17.png
c-36.png
reorientation_5.png
in2010.png
lowThrust_4.png
cavity19.png
adder_dcop_44.png
bcsstm27.png
brainpc2.png
c-45.png
rajat29.png
atmosmodl.png
EX3.png
cant.png
G53.png
adder_dcop_65.png
adder_dcop_28.png
il2010.png
gemat11.png
scircuit.png
spaceStation_4.png
rajat03.png
t3dl.png
lhr71.png
swang1.png
G50.png
lock2232.png
invextr1_new.png
AS365.png
airfoil1_dual.png
c-34.png
a2nnsnsl.png
email-EuAll.png
nasasrb.png
vsp_bcsstk30_500sep_10in_1Kout.png
t3dh.png
Transport.png
cfd1.png
HTC_336_9129.png
g7jac040.png
g7jac160sc.png
add20.png
boneS10.png
gupta3.png
PR02R.png
G58.png
Si2.png
delaunay_n15.png
Cube_Coup_dt6.png
can_1054.png
cegb3024.png
pre2.png
benzene.png
MISKnowledgeMap.png
TSOPF_RS_b162_c3.png
channel-500x100x100-b050.png
lock3491.png
adder_dcop_10.png
dixmaanl.png
swang2.png
ncvxqp7.png
webbase-1M.png
nos3.png
adder_dcop_37.png
nemeth10.png
mario002.png
mc2depi.png
freeFlyingRobot_3.png
t2dal.png
rail_20209.png
cavity20.png
adder_dcop_41.png
viscoplastic1.png
ca-HepPh.png
cage9.png
CoupCons3D.png
G3_circuit.png
G44.png
Hamrle3.png
rajat30.png
mark3jac140sc.png
dw8192.png
ex29.png
bcsstk34.png
xingo_afonso_itaipu.png
freeFlyingRobot_15.png
af_shell8.png
bayer08.png
helm3d01.png
kron_g500-logn16.png
rgg_n_2_19_s0.png
wing.png
ak2010.png
ncvxqp1.png
cage14.png
e40r0100.png
hangGlider_4.png
ex26.png
bcsstm25.png
rajat08.png
dawson5.png
TSOPF_FS_b39_c19.png
bcsstk36.png
bcsstk28.png
TSOPF_RS_b300_c3.png
flowmeter0.png
G49.png
cz2548.png
g7jac140.png
adder_dcop_66.png
TSOPF_FS_b162_c1.png
net150.png
mouse_gene.png
language.png
ga2010.png
lhr10.png
wb-cs-stanford.png
ex36.png
circuit_2.png
bcsstk32.png
fe_tooth.png
kron_g500-logn19.png
soc-sign-Slashdot090221.png
igbt3.png
hugetrace-00010.png
lowThrust_13.png
adder_dcop_64.png
c-30.png
fullb.png
caidaRouterLevel.png
G48.png
flowmeter5.png
Zhao1.png
StocF-1465.png
af_5_k101.png
pkustk05.png
raefsky1.png
nlpkkt120.png
TSOPF_FS_b39_c7.png
cage11.png
msc01440.png
oilpan.png
hugetrace-00000.png
venkat01.png
adder_dcop_27.png
jan99jac100.png
ABACUS_shell_ud.png
finance256.png
stufe-10.png
ns3Da.png
qa8fk.png
ct2010.png
sc2010.png
tsyl201.png
adder_dcop_50.png
c-26.png
lhr14.png
thermomech_dM.png
largebasis.png
pfinan512.png
thermomech_dK.png
F2.png
can_1072.png
rgg_n_2_18_s0.png
ML_Geer.png
c-35.png
plat1919.png
spaceStation_6.png
cz1268.png
raefsky6.png
g7jac050sc.png
bloweybl.png
cz40948.png
M6.png
ks2010.png
whitaker3_dual.png
g7jac100sc.png
para-6.png
adder_dcop_19.png
c-46.png
NLR.png
GT01R.png
cvxbqp1.png
c-54.png
mark3jac020sc.png
s1rmq4m1.png
road_central.png
delaunay_n13.png
g7jac200sc.png
2cubes_sphere.png
spiral.png
utm3060.png
pkustk10.png
G43.png
rajat10.png
torso2.png
pkustk03.png
internet.png
c-64.png
brack2.png
lowThrust_10.png
adder_dcop_05.png
hcircuit.png
msc01050.png
adder_dcop_63.png
cell2.png
G37.png
vsp_c-60_data_cti_cs4.png
g7jac100.png
bcsstk35.png
torso1.png
heart2.png
filter3D.png
t520.png
cavity18.png
c-67.png
fcondp2.png
bcircuit.png
kineticBatchReactor_3.png
af_4_k101.png
lhr01.png
crystk03.png
raefsky4.png
saylr4.png
sherman5.png
G59.png
mark3jac060sc.png
rdist3a.png
HEP-th-new.png
usroads-48.png
nemeth23.png
adder_dcop_13.png
big_dual.png
matrix_9.png
rajat25.png
fe_sphere.png
Ga41As41H72.png
bcsstk18.png
TSOPF_RS_b9_c6.png
CO.png
kineticBatchReactor_6.png
struct4.png
vsp_model1_crew1_cr42_south31.png
TSOPF_RS_b39_c30.png
Si87H76.png
Zd_Jac3.png
bayer07.png
pde2961.png
email-Enron.png
G25.png
adder_dcop_26.png
vsp_msc10848_300sep_100in_1Kout.png
adder_dcop_35.png
lhr14c.png
delaunay_n18.png
nemeth16.png
sinc15.png
t60k.png
delaunay_n12.png
c-67b.png
ukerbe1.png
vsp_sctap1-2b_and_seymourl.png
a5esindl.png
G_n_pin_pout.png
thermal.png
sme3Dc.png
s3dkt3m2.png
hvdc2.png
cvxqp3.png
G28.png
ecl32.png
c-37.png
sme3Db.png
nemeth01.png
freeFlyingRobot_6.png
TSOPF_RS_b162_c4.png
cz20468.png
g7jac040sc.png
ted_A_unscaled.png
ut2010.png
s3rmq4m1.png
adder_dcop_62.png
3elt_dual.png
tube2.png
adder_dcop_18.png
pkustk12.png
af_shell1.png
net4-1.png
srb1.png
engine.png
Serena.png
cavity17.png
olm5000.png
germany_osm.png
Reuters911.png
PFlow_742.png
obstclae.png
smt.png
G56.png
barrier2-1.png
G38.png
dynamicSoaringProblem_2.png
af_shell4.png
yeast.png
wa2010.png
Alemdar.png
c-25.png
can_838.png
ex27.png
orani678.png
shipsec8.png
lowThrust_3.png
tmt_unsym.png
ex32.png
Fault_639.png
pcrystk02.png
Ga19As19H42.png
fp.png
lowThrust_5.png
wy2010.png
G60.png
crplat2.png
bloweya.png
para-8.png
g7jac140sc.png
lock_700.png
kineticBatchReactor_8.png
gemat12.png
bcspwr10.png
opt1.png
adder_dcop_14.png
pkustk07.png
c-24.png
web-BerkStan.png
freeFlyingRobot_2.png
ex33.png
jan99jac120sc.png
TSOPF_RS_b300_c2.png
t3dl_e.png
cfd2.png
ldoor.png
tmt_sym.png
G6.png
Long_Coup_dt6.png
cavity24.png
Ge99H100.png
c-66b.png
net125.png
as-Skitter.png
id2010.png
ASIC_680ks.png
web-NotreDame.png
rajat09.png
pwt.png
c-big.png
hugetric-00020.png
rgg_n_2_21_s0.png
pwtk.png
rajat17.png
smallworld.png
ford2.png
lhr17.png
case9.png
rajat01.png
EX5.png
xenon2.png
c-41.png
wathen100.png
dc2.png
ex9.png
t2d_q9.png
roadNet-TX.png
shermanACa.png
filter2D.png
