Pres_Poisson
3elt
3elt_dual
airfoil1
airfoil1_dual
bfly
big_dual
biplane-9
brack2
cca
ccc
crack
crack_dual
debr
grid2
grid2_dual
L-9
se
shock-9
stufe-10
ukerbe1
wave
whitaker3
whitaker3_dual
Alemdar
G2_circuit
G3_circuit
Andrews
ex3sta1
fxm3_6
fxm4_6
ins2
lp1
lpl1
mip1
net100
net125
net150
net25
net4-1
net50
net75
pattern1
pf2177
email
PGPgiantcompo
onetone1
onetone2
pre2
twotone
epb1
epb2
epb3
af23560
cryg10000
cryg2500
dw1024
dw2048
dw4096
dw8192
mhd3200a
mhd3200b
mhd4800a
mhd4800b
olm5000
pde2961
rbsa480
rbsb480
rdb2048
rdb2048_noL
rdb3200l
rdb5000
rw5151
NotreDame_www
human_gene1
human_gene2
mouse_gene
BenElechi1
ted_A
ted_A_unscaled
ted_B
ted_B_unscaled
CurlCurl_0
CurlCurl_1
CurlCurl_2
CurlCurl_3
CurlCurl_4
bcsstk34
bcsstk35
bcsstk36
bcsstk37
bcsstk38
bcsstk39
bcsstm34
bcsstm35
bcsstm36
bcsstm37
bcsstm38
bcsstm39
crystk01
crystk02
crystk03
crystm01
crystm02
crystm03
ct20stif
msc00726
msc01050
msc01440
msc04515
msc10848
msc23052
nasa1824
nasa2910
nasa4704
pcrystk02
pcrystk03
pct20stif
pwtk
circuit_1
circuit_2
circuit_3
circuit_4
FEM_3D_thermal1
FEM_3D_thermal2
thermomech_dK
thermomech_dM
thermomech_TC
thermomech_TK
atmosmodd
atmosmodj
atmosmodl
atmosmodm
rma10
coater1
coater2
thermal
sts4098
denormal
t2em
tmt_sym
tmt_unsym
pkustk01
pkustk02
pkustk03
pkustk04
pkustk05
pkustk06
pkustk07
pkustk08
pkustk09
pkustk10
pkustk11
pkustk12
pkustk13
pkustk14
vibrobox
cz10228
cz1268
cz20468
cz2548
cz40948
cz5108
k3plates
qa8fk
qa8fm
s1rmq4m1
s1rmt3m1
s2rmq4m1
s2rmt3m1
s3rmq4m1
s3rmt3m1
s3rmt3m3
144
333SP
598a
adaptive
ak2010
al2010
ar2010
AS365
asia_osm
Traceback (most recent call last):
  File "image.py", line 49, in <module>
    mtx_int = np.zeros((img_row / coef, img_row / coef))
MemoryError
